c:\users\sean\documents\visual studio\sorcerer\sorcerer\debug\vc141.pdb
c:\users\sean\documents\visual studio\sorcerer\sorcerer\debug\vc141.idb
c:\users\sean\documents\visual studio\sorcerer\sorcerer\debug\main2.obj
c:\users\sean\documents\visual studio\sorcerer\debug\sorcerer.lib
c:\users\sean\documents\visual studio\sorcerer\debug\sorcerer.exp
c:\users\sean\documents\visual studio\sorcerer\sorcerer\debug\main3.obj
c:\users\sean\documents\visual studio\sorcerer\debug\sorcerer.pdb
c:\users\sean\documents\visual studio\sorcerer\sorcerer\debug\sorcerer.tlog\cl.command.1.tlog
c:\users\sean\documents\visual studio\sorcerer\sorcerer\debug\sorcerer.tlog\cl.read.1.tlog
c:\users\sean\documents\visual studio\sorcerer\sorcerer\debug\sorcerer.tlog\cl.write.1.tlog
c:\users\sean\documents\visual studio\sorcerer\sorcerer\debug\sorcerer.tlog\link-cvtres.read.1.tlog
c:\users\sean\documents\visual studio\sorcerer\sorcerer\debug\sorcerer.tlog\link-cvtres.write.1.tlog
c:\users\sean\documents\visual studio\sorcerer\sorcerer\debug\sorcerer.tlog\link-rc.read.1.tlog
c:\users\sean\documents\visual studio\sorcerer\sorcerer\debug\sorcerer.tlog\link-rc.write.1.tlog
c:\users\sean\documents\visual studio\sorcerer\sorcerer\debug\sorcerer.tlog\link.7732-cvtres.read.1.tlog
c:\users\sean\documents\visual studio\sorcerer\sorcerer\debug\sorcerer.tlog\link.7732-cvtres.write.1.tlog
c:\users\sean\documents\visual studio\sorcerer\sorcerer\debug\sorcerer.tlog\link.7732-rc.read.1.tlog
c:\users\sean\documents\visual studio\sorcerer\sorcerer\debug\sorcerer.tlog\link.7732-rc.write.1.tlog
c:\users\sean\documents\visual studio\sorcerer\sorcerer\debug\sorcerer.tlog\link.7732.read.1.tlog
c:\users\sean\documents\visual studio\sorcerer\sorcerer\debug\sorcerer.tlog\link.7732.write.1.tlog
c:\users\sean\documents\visual studio\sorcerer\sorcerer\debug\sorcerer.tlog\link.command.1.tlog
c:\users\sean\documents\visual studio\sorcerer\sorcerer\debug\sorcerer.tlog\link.read.1.tlog
c:\users\sean\documents\visual studio\sorcerer\sorcerer\debug\sorcerer.tlog\link.write.1.tlog
c:\users\sean\documents\visual studio\sorcerer\sorcerer\debug\sorcerer.tlog\sorcerer.write.1u.tlog
